

Started GET "/product/" for 127.0.0.1 at Thu Mar 03 13:41:30 -0600 2011

ActionController::RoutingError (No route matches "/product"):
  

Rendered /usr/lib/ruby/gems/1.8/gems/actionpack-3.0.3/lib/action_dispatch/middleware/templates/rescues/routing_error.erb within rescues/layout (1.5ms)


Started GET "/products/" for 127.0.0.1 at Thu Mar 03 13:41:36 -0600 2011
  Processing by ProductsController#index as HTML
Completed   in 14ms

SyntaxError (/home/Ricardo/Documentos/sp1/2011/lab5/lab5/app/models/product.rb:6: syntax error, unexpected ',', expecting tSTRING_CONTENT or tSTRING_DBEG or tSTRING_DVAR or tSTRING_END
...alidates_format_of image_url:, :with => /\A[a-zA-Z\.(gif|jpg...
                              ^
/home/Ricardo/Documentos/sp1/2011/lab5/lab5/app/models/product.rb:6: syntax error, unexpected ',', expecting kEND
...\A[a-zA-Z\.(gif|jpg|png)]+\z/,:message  => "Formato no valid...
                              ^):
  app/controllers/products_controller.rb:5:in `index'

Rendered /usr/lib/ruby/gems/1.8/gems/actionpack-3.0.3/lib/action_dispatch/middleware/templates/rescues/_trace.erb (2.2ms)
Rendered /usr/lib/ruby/gems/1.8/gems/actionpack-3.0.3/lib/action_dispatch/middleware/templates/rescues/_request_and_response.erb (12.9ms)
Rendered /usr/lib/ruby/gems/1.8/gems/actionpack-3.0.3/lib/action_dispatch/middleware/templates/rescues/diagnostics.erb within rescues/layout (26.1ms)


Started GET "/products/" for 127.0.0.1 at Thu Mar 03 13:42:04 -0600 2011
  Processing by ProductsController#index as HTML
  [1m[36mProduct Load (35.5ms)[0m  [1mSELECT `products`.* FROM `products`[0m
Mysql::Error: Table 'lab04.products' doesn't exist: SELECT `products`.* FROM `products`
Completed   in 215ms

ActiveRecord::StatementInvalid (Mysql::Error: Table 'lab04.products' doesn't exist: SELECT `products`.* FROM `products`):
  app/controllers/products_controller.rb:5:in `index'

Rendered /usr/lib/ruby/gems/1.8/gems/actionpack-3.0.3/lib/action_dispatch/middleware/templates/rescues/_trace.erb (2.3ms)
Rendered /usr/lib/ruby/gems/1.8/gems/actionpack-3.0.3/lib/action_dispatch/middleware/templates/rescues/_request_and_response.erb (27.7ms)
Rendered /usr/lib/ruby/gems/1.8/gems/actionpack-3.0.3/lib/action_dispatch/middleware/templates/rescues/diagnostics.erb within rescues/layout (45.8ms)


Started GET "/products/index.html" for 127.0.0.1 at Thu Mar 03 13:42:18 -0600 2011
  Processing by ProductsController#show as HTML
  Parameters: {"id"=>"index"}
  [1m[35mSQL (72.4ms)[0m  SHOW TABLES
  [1m[36mSQL (0.9ms)[0m  [1mSHOW TABLES[0m
Completed   in 103ms

NoMethodError (undefined method `eq' for nil:NilClass):
  app/controllers/products_controller.rb:16:in `show'

Rendered /usr/lib/ruby/gems/1.8/gems/actionpack-3.0.3/lib/action_dispatch/middleware/templates/rescues/_trace.erb (2.0ms)
Rendered /usr/lib/ruby/gems/1.8/gems/actionpack-3.0.3/lib/action_dispatch/middleware/templates/rescues/_request_and_response.erb (12.0ms)
Rendered /usr/lib/ruby/gems/1.8/gems/actionpack-3.0.3/lib/action_dispatch/middleware/templates/rescues/diagnostics.erb within rescues/layout (26.3ms)


Started GET "/products/product" for 127.0.0.1 at Thu Mar 03 13:42:35 -0600 2011
  Processing by ProductsController#show as HTML
  Parameters: {"id"=>"product"}
  [1m[35mSQL (0.6ms)[0m  SHOW TABLES
Completed   in 160ms

NoMethodError (undefined method `eq' for nil:NilClass):
  app/controllers/products_controller.rb:16:in `show'

Rendered /usr/lib/ruby/gems/1.8/gems/actionpack-3.0.3/lib/action_dispatch/middleware/templates/rescues/_trace.erb (2.1ms)
Rendered /usr/lib/ruby/gems/1.8/gems/actionpack-3.0.3/lib/action_dispatch/middleware/templates/rescues/_request_and_response.erb (14.2ms)
Rendered /usr/lib/ruby/gems/1.8/gems/actionpack-3.0.3/lib/action_dispatch/middleware/templates/rescues/diagnostics.erb within rescues/layout (30.2ms)


Started GET "/products/products" for 127.0.0.1 at Thu Mar 03 13:42:38 -0600 2011
  Processing by ProductsController#show as HTML
  Parameters: {"id"=>"products"}
  [1m[36mSQL (0.5ms)[0m  [1mSHOW TABLES[0m
Completed   in 21ms

NoMethodError (undefined method `eq' for nil:NilClass):
  app/controllers/products_controller.rb:16:in `show'

Rendered /usr/lib/ruby/gems/1.8/gems/actionpack-3.0.3/lib/action_dispatch/middleware/templates/rescues/_trace.erb (2.1ms)
Rendered /usr/lib/ruby/gems/1.8/gems/actionpack-3.0.3/lib/action_dispatch/middleware/templates/rescues/_request_and_response.erb (14.8ms)
Rendered /usr/lib/ruby/gems/1.8/gems/actionpack-3.0.3/lib/action_dispatch/middleware/templates/rescues/diagnostics.erb within rescues/layout (28.7ms)


Started GET "/products/products.html" for 127.0.0.1 at Thu Mar 03 13:42:42 -0600 2011
  Processing by ProductsController#show as HTML
  Parameters: {"id"=>"products"}
  [1m[35mSQL (0.5ms)[0m  SHOW TABLES
Completed   in 23ms

NoMethodError (undefined method `eq' for nil:NilClass):
  app/controllers/products_controller.rb:16:in `show'

Rendered /usr/lib/ruby/gems/1.8/gems/actionpack-3.0.3/lib/action_dispatch/middleware/templates/rescues/_trace.erb (2.0ms)
Rendered /usr/lib/ruby/gems/1.8/gems/actionpack-3.0.3/lib/action_dispatch/middleware/templates/rescues/_request_and_response.erb (13.3ms)
Rendered /usr/lib/ruby/gems/1.8/gems/actionpack-3.0.3/lib/action_dispatch/middleware/templates/rescues/diagnostics.erb within rescues/layout (24.6ms)


Started GET "/products/product.html" for 127.0.0.1 at Thu Mar 03 13:42:46 -0600 2011
  Processing by ProductsController#show as HTML
  Parameters: {"id"=>"product"}
  [1m[36mSQL (0.5ms)[0m  [1mSHOW TABLES[0m
Completed   in 25ms

NoMethodError (undefined method `eq' for nil:NilClass):
  app/controllers/products_controller.rb:16:in `show'

Rendered /usr/lib/ruby/gems/1.8/gems/actionpack-3.0.3/lib/action_dispatch/middleware/templates/rescues/_trace.erb (3.8ms)
Rendered /usr/lib/ruby/gems/1.8/gems/actionpack-3.0.3/lib/action_dispatch/middleware/templates/rescues/_request_and_response.erb (11.9ms)
Rendered /usr/lib/ruby/gems/1.8/gems/actionpack-3.0.3/lib/action_dispatch/middleware/templates/rescues/diagnostics.erb within rescues/layout (24.1ms)


Started GET "/products/" for 127.0.0.1 at Thu Mar 03 13:43:56 -0600 2011
  Processing by ProductsController#index as HTML
  [1m[35mProduct Load (0.5ms)[0m  SELECT `products`.* FROM `products`
Mysql::Error: Table 'lab04.products' doesn't exist: SELECT `products`.* FROM `products`
Completed   in 175ms

ActiveRecord::StatementInvalid (Mysql::Error: Table 'lab04.products' doesn't exist: SELECT `products`.* FROM `products`):
  app/controllers/products_controller.rb:5:in `index'

Rendered /usr/lib/ruby/gems/1.8/gems/actionpack-3.0.3/lib/action_dispatch/middleware/templates/rescues/_trace.erb (3.8ms)
Rendered /usr/lib/ruby/gems/1.8/gems/actionpack-3.0.3/lib/action_dispatch/middleware/templates/rescues/_request_and_response.erb (16.4ms)
Rendered /usr/lib/ruby/gems/1.8/gems/actionpack-3.0.3/lib/action_dispatch/middleware/templates/rescues/diagnostics.erb within rescues/layout (29.4ms)
  [1m[36mSQL (0.5ms)[0m  [1mSHOW TABLES[0m
  [1m[35mSQL (0.3ms)[0m  SHOW TABLES
  [1m[36mSQL (21.3ms)[0m  [1mSELECT `schema_migrations`.`version` FROM `schema_migrations`[0m
Migrating to CreateProducts (20110224221036)
  [1m[36mSQL (0.5ms)[0m  [1mSHOW TABLES[0m
  [1m[35mSQL (0.3ms)[0m  SHOW TABLES
  [1m[36mSQL (0.2ms)[0m  [1mSELECT `schema_migrations`.`version` FROM `schema_migrations`[0m
Migrating to CreateProducts (20110224221036)
  [1m[36mSQL (0.4ms)[0m  [1mSHOW TABLES[0m
  [1m[35mSQL (0.6ms)[0m  SHOW TABLES
  [1m[36mSQL (0.3ms)[0m  [1mSELECT `schema_migrations`.`version` FROM `schema_migrations`[0m
Migrating to CreateProducts (20110224221036)
  [1m[36mSQL (0.4ms)[0m  [1mSHOW TABLES[0m
  [1m[35mSQL (0.2ms)[0m  SHOW TABLES
  [1m[36mSQL (1.7ms)[0m  [1mSELECT `schema_migrations`.`version` FROM `schema_migrations`[0m
Migrating to CreateProducts (20110224221036)
  [1m[35mSQL (145.5ms)[0m  CREATE TABLE `products` (`id` int(11) DEFAULT NULL auto_increment PRIMARY KEY, `title` varchar(255), `descripcion` text, `image_url` varchar(255), `price` decimal, `projection` int(11), `amount` int(11), `created_at` datetime, `updated_at` datetime) ENGINE=InnoDB
  [1m[36mSQL (41.4ms)[0m  [1mINSERT INTO `schema_migrations` (`version`) VALUES ('20110224221036')[0m
Migrating to CreateInventories (20110224221416)
  [1m[35mSQL (116.2ms)[0m  CREATE TABLE `inventories` (`id` int(11) DEFAULT NULL auto_increment PRIMARY KEY, `product_id` int(11), `previous_balance` int(11), `new_balance` int(11), `future_balance` int(11), `created_at` datetime, `updated_at` datetime) ENGINE=InnoDB
  [1m[36mSQL (98.0ms)[0m  [1mINSERT INTO `schema_migrations` (`version`) VALUES ('20110224221416')[0m
  [1m[35mSQL (0.5ms)[0m  SHOW TABLES
  [1m[36mSQL (0.2ms)[0m  [1mSELECT `schema_migrations`.`version` FROM `schema_migrations`[0m
  [1m[35mSQL (0.3ms)[0m  SHOW TABLES
  [1m[36mSQL (5.5ms)[0m  [1mdescribe `courses`[0m
  [1m[35mSQL (0.6ms)[0m  SHOW KEYS FROM `courses`
  [1m[36mSQL (0.9ms)[0m  [1mdescribe `inventories`[0m
  [1m[35mSQL (2.0ms)[0m  SHOW KEYS FROM `inventories`
  [1m[36mSQL (0.9ms)[0m  [1mdescribe `products`[0m
  [1m[35mSQL (1.1ms)[0m  SHOW KEYS FROM `products`
  [1m[36mSQL (1.1ms)[0m  [1mdescribe `students`[0m
  [1m[35mSQL (0.4ms)[0m  SHOW KEYS FROM `students`


Started GET "/products/" for 127.0.0.1 at Thu Mar 03 13:48:30 -0600 2011
  Processing by ProductsController#index as HTML
  [1m[36mProduct Load (2.6ms)[0m  [1mSELECT `products`.* FROM `products`[0m
Rendered products/index.html.erb within layouts/application (7.8ms)
Completed 200 OK in 99ms (Views: 23.0ms | ActiveRecord: 2.6ms)


Started GET "/products/new" for 127.0.0.1 at Thu Mar 03 13:48:35 -0600 2011
  Processing by ProductsController#new as HTML
Rendered products/_form.html.erb (116.5ms)
Rendered products/new.html.erb within layouts/application (125.9ms)
Completed 200 OK in 159ms (Views: 137.4ms | ActiveRecord: 0.0ms)


Started POST "/products" for 127.0.0.1 at Thu Mar 03 13:48:58 -0600 2011
  Processing by ProductsController#create as HTML
  Parameters: {"commit"=>"Create Product", "authenticity_token"=>"fEUOInouQLmzhdhqQQwvts2qHW/6kMiIcEe7knigM94=", "utf8"=>"✓", "product"=>{"price"=>"23", "image_url"=>"lo que sea", "title"=>"uno", "amount"=>"12312", "descripcion"=>"la otra", "id"=>"1", "projection"=>"223"}}
WARNING: Can't mass-assign protected attributes: id
  [1m[35mSQL (0.1ms)[0m  BEGIN
  [1m[36mSQL (0.1ms)[0m  [1mROLLBACK[0m
Completed   in 156ms

NoMethodError (undefined method `description' for #<Product:0xb688f00c>):
  app/controllers/products_controller.rb:46:in `create'
  app/controllers/products_controller.rb:45:in `create'

Rendered /usr/lib/ruby/gems/1.8/gems/actionpack-3.0.3/lib/action_dispatch/middleware/templates/rescues/_trace.erb (3.4ms)
Rendered /usr/lib/ruby/gems/1.8/gems/actionpack-3.0.3/lib/action_dispatch/middleware/templates/rescues/_request_and_response.erb (50.8ms)
Rendered /usr/lib/ruby/gems/1.8/gems/actionpack-3.0.3/lib/action_dispatch/middleware/templates/rescues/diagnostics.erb within rescues/layout (67.4ms)


Started POST "/products" for 127.0.0.1 at Thu Mar 03 13:50:53 -0600 2011
  Processing by ProductsController#create as HTML
  Parameters: {"commit"=>"Create Product", "authenticity_token"=>"fEUOInouQLmzhdhqQQwvts2qHW/6kMiIcEe7knigM94=", "utf8"=>"✓", "product"=>{"price"=>"23", "image_url"=>"lo que sea", "title"=>"uno", "amount"=>"12312", "descripcion"=>"la otra", "id"=>"1", "projection"=>"223"}}
WARNING: Can't mass-assign protected attributes: id
  [1m[35mSQL (0.1ms)[0m  BEGIN
  [1m[36mSQL (0.1ms)[0m  [1mROLLBACK[0m
Completed   in 44ms

NoMethodError (undefined method `description' for #<Product:0xb677bdf0>):
  app/controllers/products_controller.rb:46:in `create'
  app/controllers/products_controller.rb:45:in `create'

Rendered /usr/lib/ruby/gems/1.8/gems/actionpack-3.0.3/lib/action_dispatch/middleware/templates/rescues/_trace.erb (2.7ms)
Rendered /usr/lib/ruby/gems/1.8/gems/actionpack-3.0.3/lib/action_dispatch/middleware/templates/rescues/_request_and_response.erb (30.2ms)
Rendered /usr/lib/ruby/gems/1.8/gems/actionpack-3.0.3/lib/action_dispatch/middleware/templates/rescues/diagnostics.erb within rescues/layout (43.7ms)
  [1m[36mSQL (0.5ms)[0m  [1mSHOW TABLES[0m
  [1m[35mSQL (0.3ms)[0m  SHOW TABLES
  [1m[36mSQL (5.2ms)[0m  [1mSELECT `schema_migrations`.`version` FROM `schema_migrations`[0m
Migrating to CreateProducts (20110224221036)
Migrating to CreateInventories (20110224221416)
  [1m[35mSQL (0.5ms)[0m  SHOW TABLES
  [1m[36mSQL (0.2ms)[0m  [1mSELECT `schema_migrations`.`version` FROM `schema_migrations`[0m
  [1m[35mSQL (0.3ms)[0m  SHOW TABLES
  [1m[36mSQL (0.8ms)[0m  [1mdescribe `courses`[0m
  [1m[35mSQL (0.4ms)[0m  SHOW KEYS FROM `courses`
  [1m[36mSQL (2.6ms)[0m  [1mdescribe `inventories`[0m
  [1m[35mSQL (0.5ms)[0m  SHOW KEYS FROM `inventories`
  [1m[36mSQL (4.0ms)[0m  [1mdescribe `products`[0m
  [1m[35mSQL (2.1ms)[0m  SHOW KEYS FROM `products`
  [1m[36mSQL (2.9ms)[0m  [1mdescribe `students`[0m
  [1m[35mSQL (0.5ms)[0m  SHOW KEYS FROM `students`


Started GET "/products/new" for 127.0.0.1 at Thu Mar 03 13:58:27 -0600 2011
  Processing by ProductsController#new as HTML
Rendered products/_form.html.erb (131.2ms)
Rendered products/new.html.erb within layouts/application (177.0ms)
Completed 200 OK in 302ms (Views: 238.0ms | ActiveRecord: 0.0ms)


Started GET "/products/new" for 127.0.0.1 at Thu Mar 03 13:58:30 -0600 2011
  Processing by ProductsController#new as HTML
Rendered products/_form.html.erb (76.3ms)
Rendered products/new.html.erb within layouts/application (97.3ms)
Completed 200 OK in 182ms (Views: 139.0ms | ActiveRecord: 0.0ms)


Started GET "/products/new" for 127.0.0.1 at Thu Mar 03 13:58:30 -0600 2011
  Processing by ProductsController#new as HTML
Rendered products/_form.html.erb (73.7ms)
Rendered products/new.html.erb within layouts/application (97.7ms)
Completed 200 OK in 166ms (Views: 130.2ms | ActiveRecord: 0.0ms)


Started POST "/products" for 127.0.0.1 at Thu Mar 03 13:59:00 -0600 2011
  Processing by ProductsController#create as HTML
  Parameters: {"commit"=>"Create Product", "authenticity_token"=>"fEUOInouQLmzhdhqQQwvts2qHW/6kMiIcEe7knigM94=", "utf8"=>"✓", "product"=>{"price"=>"12", "image_url"=>"adfa", "title"=>"uno", "amount"=>"132", "descripcion"=>"la que sea", "id"=>"1", "projection"=>"24"}}
WARNING: Can't mass-assign protected attributes: id
  [1m[36mSQL (6.5ms)[0m  [1mBEGIN[0m
  [1m[35mSQL (0.6ms)[0m  SHOW TABLES
  [1m[36mSQL (7.1ms)[0m  [1mdescribe `products`[0m
  [1m[35mAREL (5.3ms)[0m  INSERT INTO `products` (`image_url`, `projection`, `title`, `price`, `amount`, `updated_at`, `created_at`, `descripcion`) VALUES ('adfa', 24, 'uno', 12, 132, '2011-03-03 19:59:00', '2011-03-03 19:59:00', 'la que sea')
  [1m[36mSQL (43.6ms)[0m  [1mCOMMIT[0m
Redirected to http://0.0.0.0:3000/products/1
Completed 302 Found in 655ms


Started GET "/products/1" for 127.0.0.1 at Thu Mar 03 13:59:01 -0600 2011
  Processing by ProductsController#show as HTML
  Parameters: {"id"=>"1"}
  [1m[35mProduct Load (54.3ms)[0m  SELECT `products`.* FROM `products` WHERE (`products`.`id` = 1) LIMIT 1
Rendered products/show.html.erb within layouts/application (55.1ms)
Completed 200 OK in 180ms (Views: 89.3ms | ActiveRecord: 117.4ms)


Started GET "/products" for 127.0.0.1 at Thu Mar 03 13:59:26 -0600 2011
  Processing by ProductsController#index as HTML
  [1m[36mProduct Load (0.7ms)[0m  [1mSELECT `products`.* FROM `products`[0m
Rendered products/index.html.erb within layouts/application (60.1ms)
Completed 200 OK in 129ms (Views: 94.2ms | ActiveRecord: 0.7ms)


Started POST "/products/1" for 127.0.0.1 at Thu Mar 03 13:59:32 -0600 2011
  Processing by ProductsController#destroy as HTML
  Parameters: {"authenticity_token"=>"fEUOInouQLmzhdhqQQwvts2qHW/6kMiIcEe7knigM94=", "id"=>"1"}
  [1m[35mProduct Load (8.5ms)[0m  SELECT `products`.* FROM `products` WHERE (`products`.`id` = 1) LIMIT 1
  [1m[36mSQL (0.1ms)[0m  [1mBEGIN[0m
  [1m[35mAREL (0.5ms)[0m  DELETE FROM `products` WHERE (`products`.`id` = 1)
  [1m[36mSQL (70.5ms)[0m  [1mCOMMIT[0m
Redirected to http://0.0.0.0:3000/products
Completed 302 Found in 530ms


Started GET "/products" for 127.0.0.1 at Thu Mar 03 13:59:33 -0600 2011
  Processing by ProductsController#index as HTML
  [1m[35mProduct Load (0.5ms)[0m  SELECT `products`.* FROM `products`
Rendered products/index.html.erb within layouts/application (22.7ms)
Completed 200 OK in 108ms (Views: 61.3ms | ActiveRecord: 0.5ms)


Started GET "/products/new" for 127.0.0.1 at Thu Mar 03 13:59:34 -0600 2011
  Processing by ProductsController#new as HTML
Rendered products/_form.html.erb (61.7ms)
Rendered products/new.html.erb within layouts/application (94.1ms)
Completed 200 OK in 167ms (Views: 127.1ms | ActiveRecord: 0.0ms)


Started POST "/products" for 127.0.0.1 at Thu Mar 03 13:59:49 -0600 2011
  Processing by ProductsController#create as HTML
  Parameters: {"commit"=>"Create Product", "authenticity_token"=>"fEUOInouQLmzhdhqQQwvts2qHW/6kMiIcEe7knigM94=", "utf8"=>"✓", "product"=>{"price"=>"1", "image_url"=>"1", "title"=>"1", "amount"=>"1", "descripcion"=>"12", "id"=>"1", "projection"=>"1"}}
WARNING: Can't mass-assign protected attributes: id
  [1m[36mSQL (0.1ms)[0m  [1mBEGIN[0m
  [1m[35mSQL (0.1ms)[0m  ROLLBACK
Completed   in 43ms

NoMethodError (undefined method `description' for #<Product:0xb66ad2ac>):
  app/controllers/products_controller.rb:46:in `create'
  app/controllers/products_controller.rb:45:in `create'

Rendered /usr/lib/ruby/gems/1.8/gems/actionpack-3.0.3/lib/action_dispatch/middleware/templates/rescues/_trace.erb (2.3ms)
Rendered /usr/lib/ruby/gems/1.8/gems/actionpack-3.0.3/lib/action_dispatch/middleware/templates/rescues/_request_and_response.erb (72.8ms)
Rendered /usr/lib/ruby/gems/1.8/gems/actionpack-3.0.3/lib/action_dispatch/middleware/templates/rescues/diagnostics.erb within rescues/layout (181.8ms)


Started POST "/products" for 127.0.0.1 at Thu Mar 03 14:00:29 -0600 2011
  Processing by ProductsController#create as HTML
  Parameters: {"commit"=>"Create Product", "authenticity_token"=>"fEUOInouQLmzhdhqQQwvts2qHW/6kMiIcEe7knigM94=", "utf8"=>"✓", "product"=>{"price"=>"1", "image_url"=>"1", "title"=>"1", "amount"=>"1", "descripcion"=>"12", "id"=>"1", "projection"=>"1"}}
WARNING: Can't mass-assign protected attributes: id
  [1m[36mSQL (0.2ms)[0m  [1mBEGIN[0m
  [1m[35mSQL (8.2ms)[0m  describe `products`
  [1m[36mAREL (6.2ms)[0m  [1mINSERT INTO `products` (`title`, `image_url`, `amount`, `price`, `created_at`, `projection`, `descripcion`, `updated_at`) VALUES ('1', '1', 1, 1, '2011-03-03 20:00:29', 1, '12', '2011-03-03 20:00:29')[0m
  [1m[35mSQL (75.8ms)[0m  COMMIT
Redirected to http://0.0.0.0:3000/products/2
Completed 302 Found in 194ms


Started GET "/products/2" for 127.0.0.1 at Thu Mar 03 14:00:29 -0600 2011
  Processing by ProductsController#show as HTML
  Parameters: {"id"=>"2"}
  [1m[36mProduct Load (1.8ms)[0m  [1mSELECT `products`.* FROM `products` WHERE (`products`.`id` = 2) LIMIT 1[0m
Rendered products/show.html.erb within layouts/application (65.4ms)
Completed 200 OK in 135ms (Views: 94.3ms | ActiveRecord: 92.2ms)


Started GET "/products" for 127.0.0.1 at Thu Mar 03 14:01:19 -0600 2011
  Processing by ProductsController#index as HTML
  [1m[35mProduct Load (0.4ms)[0m  SELECT `products`.* FROM `products`
Rendered products/index.html.erb within layouts/application (65.8ms)
Completed 200 OK in 131ms (Views: 89.4ms | ActiveRecord: 0.4ms)


Started GET "/products/new" for 127.0.0.1 at Thu Mar 03 14:01:28 -0600 2011
  Processing by ProductsController#new as HTML
Rendered products/_form.html.erb (85.0ms)
Rendered products/new.html.erb within layouts/application (117.3ms)
Completed 200 OK in 178ms (Views: 130.5ms | ActiveRecord: 0.0ms)


Started GET "/products/new" for 127.0.0.1 at Thu Mar 03 14:01:51 -0600 2011
  Processing by ProductsController#new as HTML
Rendered products/_form.html.erb (67.2ms)
Rendered products/new.html.erb within layouts/application (87.3ms)
Completed 200 OK in 161ms (Views: 121.8ms | ActiveRecord: 0.0ms)


Started POST "/products" for 127.0.0.1 at Thu Mar 03 14:02:08 -0600 2011
  Processing by ProductsController#create as HTML
  Parameters: {"commit"=>"Create Product", "authenticity_token"=>"fEUOInouQLmzhdhqQQwvts2qHW/6kMiIcEe7knigM94=", "utf8"=>"✓", "product"=>{"price"=>"d", "image_url"=>"12", "title"=>"12", "amount"=>"12", "descripcion"=>"1", "id"=>"1", "projection"=>"12"}}
WARNING: Can't mass-assign protected attributes: id
  [1m[36mSQL (6.6ms)[0m  [1mBEGIN[0m
  [1m[35mSQL (0.1ms)[0m  ROLLBACK
Rendered products/_form.html.erb (63.6ms)
Rendered products/new.html.erb within layouts/application (84.9ms)
Completed 200 OK in 235ms (Views: 126.2ms | ActiveRecord: 6.8ms)


Started POST "/products" for 127.0.0.1 at Thu Mar 03 14:02:55 -0600 2011
  Processing by ProductsController#create as HTML
  Parameters: {"commit"=>"Create Product", "authenticity_token"=>"fEUOInouQLmzhdhqQQwvts2qHW/6kMiIcEe7knigM94=", "utf8"=>"✓", "product"=>{"price"=>"0", "image_url"=>"12", "title"=>"12", "amount"=>"12", "descripcion"=>"1", "id"=>"1", "projection"=>"12"}}
WARNING: Can't mass-assign protected attributes: id
  [1m[36mSQL (0.1ms)[0m  [1mBEGIN[0m
  [1m[35mSQL (2.2ms)[0m  ROLLBACK
Rendered products/_form.html.erb (45.2ms)
Rendered products/new.html.erb within layouts/application (88.2ms)
Completed 200 OK in 216ms (Views: 121.0ms | ActiveRecord: 2.3ms)


Started POST "/products" for 127.0.0.1 at Thu Mar 03 14:03:07 -0600 2011
  Processing by ProductsController#create as HTML
  Parameters: {"commit"=>"Create Product", "authenticity_token"=>"fEUOInouQLmzhdhqQQwvts2qHW/6kMiIcEe7knigM94=", "utf8"=>"✓", "product"=>{"price"=>"0.01", "image_url"=>"12", "title"=>"12", "amount"=>"12", "descripcion"=>"1", "id"=>"", "projection"=>"12"}}
WARNING: Can't mass-assign protected attributes: id
  [1m[36mSQL (10.4ms)[0m  [1mBEGIN[0m
  [1m[35mSQL (0.1ms)[0m  ROLLBACK
Rendered products/_form.html.erb (105.8ms)
Rendered products/new.html.erb within layouts/application (136.0ms)
Completed 200 OK in 629ms (Views: 173.7ms | ActiveRecord: 10.6ms)


Started POST "/products" for 127.0.0.1 at Thu Mar 03 14:03:14 -0600 2011
  Processing by ProductsController#create as HTML
  Parameters: {"commit"=>"Create Product", "authenticity_token"=>"fEUOInouQLmzhdhqQQwvts2qHW/6kMiIcEe7knigM94=", "utf8"=>"✓", "product"=>{"price"=>"0.02", "image_url"=>"12", "title"=>"12", "amount"=>"12", "descripcion"=>"1", "id"=>"", "projection"=>"12"}}
WARNING: Can't mass-assign protected attributes: id
  [1m[36mSQL (0.1ms)[0m  [1mBEGIN[0m
  [1m[35mSQL (4.2ms)[0m  ROLLBACK
Rendered products/_form.html.erb (42.8ms)
Rendered products/new.html.erb within layouts/application (72.9ms)
Completed 200 OK in 183ms (Views: 103.1ms | ActiveRecord: 4.4ms)


Started POST "/products" for 127.0.0.1 at Thu Mar 03 14:03:23 -0600 2011
  Processing by ProductsController#create as HTML
  Parameters: {"commit"=>"Create Product", "authenticity_token"=>"fEUOInouQLmzhdhqQQwvts2qHW/6kMiIcEe7knigM94=", "utf8"=>"✓", "product"=>{"price"=>"0.2", "image_url"=>"12", "title"=>"12", "amount"=>"12", "descripcion"=>"1", "id"=>"", "projection"=>"12"}}
WARNING: Can't mass-assign protected attributes: id
  [1m[36mSQL (0.2ms)[0m  [1mBEGIN[0m
  [1m[35mSQL (2.2ms)[0m  describe `products`
  [1m[36mAREL (3.2ms)[0m  [1mINSERT INTO `products` (`amount`, `descripcion`, `created_at`, `title`, `projection`, `image_url`, `updated_at`, `price`) VALUES (12, '1', '2011-03-03 20:03:23', '12', 12, '12', '2011-03-03 20:03:23', 0)[0m
  [1m[35mSQL (70.9ms)[0m  COMMIT
Redirected to http://0.0.0.0:3000/products/3
Completed 302 Found in 179ms


Started GET "/products/3" for 127.0.0.1 at Thu Mar 03 14:03:24 -0600 2011
  Processing by ProductsController#show as HTML
  Parameters: {"id"=>"3"}
  [1m[36mProduct Load (0.4ms)[0m  [1mSELECT `products`.* FROM `products` WHERE (`products`.`id` = 3) LIMIT 1[0m
Rendered products/show.html.erb within layouts/application (60.7ms)
Completed 200 OK in 514ms (Views: 102.4ms | ActiveRecord: 0.4ms)


Started GET "/products" for 127.0.0.1 at Thu Mar 03 14:03:56 -0600 2011
  Processing by ProductsController#index as HTML
  [1m[35mProduct Load (0.5ms)[0m  SELECT `products`.* FROM `products`
Rendered products/index.html.erb within layouts/application (91.1ms)
Completed 200 OK in 167ms (Views: 126.7ms | ActiveRecord: 0.5ms)


Started GET "/products/new" for 127.0.0.1 at Thu Mar 03 14:04:03 -0600 2011
  Processing by ProductsController#new as HTML
Rendered products/_form.html.erb (94.4ms)
Rendered products/new.html.erb within layouts/application (118.5ms)
Completed 200 OK in 210ms (Views: 149.2ms | ActiveRecord: 0.0ms)


Started POST "/products" for 127.0.0.1 at Thu Mar 03 14:04:16 -0600 2011
  Processing by ProductsController#create as HTML
  Parameters: {"commit"=>"Create Product", "authenticity_token"=>"fEUOInouQLmzhdhqQQwvts2qHW/6kMiIcEe7knigM94=", "utf8"=>"✓", "product"=>{"price"=>"12", "image_url"=>"12", "title"=>"12", "amount"=>"12", "descripcion"=>"12", "id"=>"1", "projection"=>"12"}}
WARNING: Can't mass-assign protected attributes: id
  [1m[36mSQL (0.1ms)[0m  [1mBEGIN[0m
  [1m[35mProduct Load (22.7ms)[0m  SELECT `products`.`id` FROM `products` WHERE (`products`.`title` = BINARY '12') LIMIT 1
  [1m[36mSQL (7.4ms)[0m  [1mROLLBACK[0m
Rendered products/_form.html.erb (71.4ms)
Rendered products/new.html.erb within layouts/application (98.3ms)
Completed 200 OK in 297ms (Views: 123.5ms | ActiveRecord: 30.3ms)


Started POST "/products" for 127.0.0.1 at Thu Mar 03 14:04:23 -0600 2011
  Processing by ProductsController#create as HTML
  Parameters: {"commit"=>"Create Product", "authenticity_token"=>"fEUOInouQLmzhdhqQQwvts2qHW/6kMiIcEe7knigM94=", "utf8"=>"✓", "product"=>{"price"=>"12", "image_url"=>"12", "title"=>"1", "amount"=>"12", "descripcion"=>"12", "id"=>"", "projection"=>"12"}}
WARNING: Can't mass-assign protected attributes: id
  [1m[35mSQL (0.1ms)[0m  BEGIN
  [1m[36mProduct Load (0.4ms)[0m  [1mSELECT `products`.`id` FROM `products` WHERE (`products`.`title` = BINARY '1') LIMIT 1[0m
  [1m[35mSQL (9.3ms)[0m  ROLLBACK
Rendered products/_form.html.erb (62.3ms)
Rendered products/new.html.erb within layouts/application (91.1ms)
Completed 200 OK in 257ms (Views: 128.9ms | ActiveRecord: 9.8ms)


Started POST "/products" for 127.0.0.1 at Thu Mar 03 14:04:31 -0600 2011
  Processing by ProductsController#create as HTML
  Parameters: {"commit"=>"Create Product", "authenticity_token"=>"fEUOInouQLmzhdhqQQwvts2qHW/6kMiIcEe7knigM94=", "utf8"=>"✓", "product"=>{"price"=>"12", "image_url"=>"12", "title"=>"122", "amount"=>"12", "descripcion"=>"12", "id"=>"", "projection"=>"12"}}
WARNING: Can't mass-assign protected attributes: id
  [1m[36mSQL (0.2ms)[0m  [1mBEGIN[0m
  [1m[35mProduct Load (5.2ms)[0m  SELECT `products`.`id` FROM `products` WHERE (`products`.`title` = BINARY '122') LIMIT 1
  [1m[36mSQL (1.5ms)[0m  [1mdescribe `products`[0m
  [1m[35mAREL (3.0ms)[0m  INSERT INTO `products` (`created_at`, `image_url`, `projection`, `price`, `amount`, `updated_at`, `descripcion`, `title`) VALUES ('2011-03-03 20:04:32', '12', 12, 12, 12, '2011-03-03 20:04:32', '12', '122')
  [1m[36mSQL (75.0ms)[0m  [1mCOMMIT[0m
Redirected to http://0.0.0.0:3000/products/4
Completed 302 Found in 208ms


Started GET "/products/4" for 127.0.0.1 at Thu Mar 03 14:04:32 -0600 2011
  Processing by ProductsController#show as HTML
  Parameters: {"id"=>"4"}
  [1m[35mProduct Load (2.8ms)[0m  SELECT `products`.* FROM `products` WHERE (`products`.`id` = 4) LIMIT 1
Rendered products/show.html.erb within layouts/application (55.1ms)
Completed 200 OK in 131ms (Views: 85.3ms | ActiveRecord: 2.8ms)


Started GET "/products" for 127.0.0.1 at Thu Mar 03 14:05:00 -0600 2011
  Processing by ProductsController#index as HTML
  [1m[36mProduct Load (0.5ms)[0m  [1mSELECT `products`.* FROM `products`[0m
Rendered products/index.html.erb within layouts/application (90.1ms)
Completed 200 OK in 220ms (Views: 161.5ms | ActiveRecord: 0.5ms)


Started GET "/products/new" for 127.0.0.1 at Thu Mar 03 14:05:22 -0600 2011
  Processing by ProductsController#new as HTML
Completed   in 35ms

SyntaxError (/home/Ricardo/Documentos/sp1/2011/lab5/lab5/app/models/product.rb:6: syntax error, unexpected ',', expecting tSTRING_CONTENT or tSTRING_DBEG or tSTRING_DVAR or tSTRING_END
...alidates_format_of image_url:, :with => /\A[a-zA-Z\.(gif|jpg...
                              ^
/home/Ricardo/Documentos/sp1/2011/lab5/lab5/app/models/product.rb:6: syntax error, unexpected ',', expecting kEND
...\A[a-zA-Z\.(gif|jpg|png)]+\z/,:message  => "Formato no valid...
                              ^):
  app/controllers/products_controller.rb:27:in `new'

Rendered /usr/lib/ruby/gems/1.8/gems/actionpack-3.0.3/lib/action_dispatch/middleware/templates/rescues/_trace.erb (2.3ms)
Rendered /usr/lib/ruby/gems/1.8/gems/actionpack-3.0.3/lib/action_dispatch/middleware/templates/rescues/_request_and_response.erb (42.8ms)
Rendered /usr/lib/ruby/gems/1.8/gems/actionpack-3.0.3/lib/action_dispatch/middleware/templates/rescues/diagnostics.erb within rescues/layout (87.7ms)


Started GET "/products/new" for 127.0.0.1 at Thu Mar 03 14:06:09 -0600 2011
  Processing by ProductsController#new as HTML
Completed   in 15ms

SyntaxError (/home/Ricardo/Documentos/sp1/2011/lab5/lab5/app/models/product.rb:6: syntax error, unexpected ',', expecting tSTRING_CONTENT or tSTRING_DBEG or tSTRING_DVAR or tSTRING_END
...alidates_format_of image_url:, :with => %r{\.(gif|jpg|png)$}...
                              ^
/home/Ricardo/Documentos/sp1/2011/lab5/lab5/app/models/product.rb:6: syntax error, unexpected ',', expecting kEND
...with => %r{\.(gif|jpg|png)$}i,:message  => "Formato no valid...
                              ^):
  app/controllers/products_controller.rb:27:in `new'

Rendered /usr/lib/ruby/gems/1.8/gems/actionpack-3.0.3/lib/action_dispatch/middleware/templates/rescues/_trace.erb (14.8ms)
Rendered /usr/lib/ruby/gems/1.8/gems/actionpack-3.0.3/lib/action_dispatch/middleware/templates/rescues/_request_and_response.erb (46.4ms)
Rendered /usr/lib/ruby/gems/1.8/gems/actionpack-3.0.3/lib/action_dispatch/middleware/templates/rescues/diagnostics.erb within rescues/layout (85.0ms)


Started GET "/products/new" for 127.0.0.1 at Thu Mar 03 14:07:25 -0600 2011
  Processing by ProductsController#new as HTML
Completed   in 39ms

SyntaxError (/home/Ricardo/Documentos/sp1/2011/lab5/lab5/app/models/product.rb:6: syntax error, unexpected ',', expecting tSTRING_CONTENT or tSTRING_DBEG or tSTRING_DVAR or tSTRING_END
...alidates_format_of image_url:, :with => /[w\.(gif|jpg|png)]/...
                              ^
/home/Ricardo/Documentos/sp1/2011/lab5/lab5/app/models/product.rb:6: syntax error, unexpected ',', expecting kEND
...:with => /[w\.(gif|jpg|png)]/,:message  => "Formato no valid...
                              ^):
  app/controllers/products_controller.rb:27:in `new'

Rendered /usr/lib/ruby/gems/1.8/gems/actionpack-3.0.3/lib/action_dispatch/middleware/templates/rescues/_trace.erb (23.9ms)
Rendered /usr/lib/ruby/gems/1.8/gems/actionpack-3.0.3/lib/action_dispatch/middleware/templates/rescues/_request_and_response.erb (37.0ms)
Rendered /usr/lib/ruby/gems/1.8/gems/actionpack-3.0.3/lib/action_dispatch/middleware/templates/rescues/diagnostics.erb within rescues/layout (70.6ms)


Started GET "/products/new" for 127.0.0.1 at Thu Mar 03 14:18:34 -0600 2011
  Processing by ProductsController#new as HTML
Completed   in 7ms

SyntaxError (/home/Ricardo/Documentos/sp1/2011/lab5/lab5/app/models/product.rb:6: syntax error, unexpected ',', expecting tSTRING_CONTENT or tSTRING_DBEG or tSTRING_DVAR or tSTRING_END
...alidates_format_of image_url:, :with => /\A((?:[-a-z0-9]+\.)...
                              ^
/home/Ricardo/Documentos/sp1/2011/lab5/lab5/app/models/product.rb:6: syntax error, unexpected ',', expecting kEND
...]+\.)+[gif|jpg|png]{2,})\Z/i ,:message  => "Formato no valid...
                              ^):
  app/controllers/products_controller.rb:27:in `new'

Rendered /usr/lib/ruby/gems/1.8/gems/actionpack-3.0.3/lib/action_dispatch/middleware/templates/rescues/_trace.erb (2.0ms)
Rendered /usr/lib/ruby/gems/1.8/gems/actionpack-3.0.3/lib/action_dispatch/middleware/templates/rescues/_request_and_response.erb (13.6ms)
Rendered /usr/lib/ruby/gems/1.8/gems/actionpack-3.0.3/lib/action_dispatch/middleware/templates/rescues/diagnostics.erb within rescues/layout (114.7ms)


Started GET "/products/new" for 127.0.0.1 at Thu Mar 03 14:18:55 -0600 2011
  Processing by ProductsController#new as HTML
Completed   in 7ms

SyntaxError (/home/Ricardo/Documentos/sp1/2011/lab5/lab5/app/models/product.rb:6: syntax error, unexpected ',', expecting tSTRING_CONTENT or tSTRING_DBEG or tSTRING_DVAR or tSTRING_END
...alidates_format_of image_url:, :with => /\A([^@\s]+)@((?:[-a...
                              ^
/home/Ricardo/Documentos/sp1/2011/lab5/lab5/app/models/product.rb:6: syntax error, unexpected ',', expecting kEND
...[-a-z0-9]+\.)+[a-z]{2,})\Z/i ,:message  => "Formato no valid...
                              ^):
  app/controllers/products_controller.rb:27:in `new'

Rendered /usr/lib/ruby/gems/1.8/gems/actionpack-3.0.3/lib/action_dispatch/middleware/templates/rescues/_trace.erb (2.1ms)
Rendered /usr/lib/ruby/gems/1.8/gems/actionpack-3.0.3/lib/action_dispatch/middleware/templates/rescues/_request_and_response.erb (19.4ms)
Rendered /usr/lib/ruby/gems/1.8/gems/actionpack-3.0.3/lib/action_dispatch/middleware/templates/rescues/diagnostics.erb within rescues/layout (29.4ms)


Started GET "/products/new" for 127.0.0.1 at Thu Mar 03 14:19:20 -0600 2011
  Processing by ProductsController#new as HTML
Rendered products/_form.html.erb (20.2ms)
Rendered products/new.html.erb within layouts/application (29.7ms)
Completed 200 OK in 54ms (Views: 38.9ms | ActiveRecord: 0.0ms)


Started POST "/products" for 127.0.0.1 at Thu Mar 03 14:19:38 -0600 2011
  Processing by ProductsController#create as HTML
  Parameters: {"commit"=>"Create Product", "authenticity_token"=>"fEUOInouQLmzhdhqQQwvts2qHW/6kMiIcEe7knigM94=", "utf8"=>"✓", "product"=>{"price"=>"24", "image_url"=>"fjdafd", "title"=>"344", "amount"=>"234", "descripcion"=>"34", "id"=>"24", "projection"=>"324"}}
WARNING: Can't mass-assign protected attributes: id
  [1m[35mSQL (0.1ms)[0m  BEGIN
  [1m[36mProduct Load (0.3ms)[0m  [1mSELECT `products`.`id` FROM `products` WHERE (`products`.`title` = BINARY '344') LIMIT 1[0m
  [1m[35mSQL (0.1ms)[0m  ROLLBACK
Rendered products/_form.html.erb (37.1ms)
Rendered products/new.html.erb within layouts/application (144.7ms)
Completed 200 OK in 237ms (Views: 162.2ms | ActiveRecord: 0.6ms)


Started POST "/products" for 127.0.0.1 at Thu Mar 03 14:19:44 -0600 2011
  Processing by ProductsController#create as HTML
  Parameters: {"commit"=>"Create Product", "authenticity_token"=>"fEUOInouQLmzhdhqQQwvts2qHW/6kMiIcEe7knigM94=", "utf8"=>"✓", "product"=>{"price"=>"24", "image_url"=>"fjdafd.jpg", "title"=>"344", "amount"=>"234", "descripcion"=>"34", "id"=>"", "projection"=>"324"}}
WARNING: Can't mass-assign protected attributes: id
  [1m[36mSQL (0.1ms)[0m  [1mBEGIN[0m
  [1m[35mProduct Load (0.3ms)[0m  SELECT `products`.`id` FROM `products` WHERE (`products`.`title` = BINARY '344') LIMIT 1
  [1m[36mSQL (0.1ms)[0m  [1mROLLBACK[0m
Rendered products/_form.html.erb (17.9ms)
Rendered products/new.html.erb within layouts/application (25.3ms)
Completed 200 OK in 71ms (Views: 34.5ms | ActiveRecord: 0.6ms)


Started POST "/products" for 127.0.0.1 at Thu Mar 03 14:20:48 -0600 2011
  Processing by ProductsController#create as HTML
  Parameters: {"commit"=>"Create Product", "authenticity_token"=>"fEUOInouQLmzhdhqQQwvts2qHW/6kMiIcEe7knigM94=", "utf8"=>"✓", "product"=>{"price"=>"24", "image_url"=>"fjdafd.jpg", "title"=>"344", "amount"=>"234", "descripcion"=>"34", "id"=>"", "projection"=>"324"}}
WARNING: Can't mass-assign protected attributes: id
  [1m[35mSQL (0.1ms)[0m  BEGIN
  [1m[36mProduct Load (0.3ms)[0m  [1mSELECT `products`.`id` FROM `products` WHERE (`products`.`title` = BINARY '344') LIMIT 1[0m
  [1m[35mSQL (1.4ms)[0m  describe `products`
  [1m[36mAREL (0.3ms)[0m  [1mINSERT INTO `products` (`descripcion`, `amount`, `created_at`, `updated_at`, `price`, `image_url`, `projection`, `title`) VALUES ('34', 234, '2011-03-03 20:20:48', '2011-03-03 20:20:48', 24, 'fjdafd.jpg', 324, '344')[0m
  [1m[35mSQL (48.9ms)[0m  COMMIT
Redirected to http://0.0.0.0:3000/products/5
Completed 302 Found in 92ms


Started GET "/products/5" for 127.0.0.1 at Thu Mar 03 14:20:48 -0600 2011
  Processing by ProductsController#show as HTML
  Parameters: {"id"=>"5"}
  [1m[36mProduct Load (0.3ms)[0m  [1mSELECT `products`.* FROM `products` WHERE (`products`.`id` = 5) LIMIT 1[0m
Rendered products/show.html.erb within layouts/application (115.6ms)
Completed 200 OK in 142ms (Views: 123.8ms | ActiveRecord: 51.3ms)


Started POST "/products" for 127.0.0.1 at Thu Mar 03 14:21:21 -0600 2011
  Processing by ProductsController#create as HTML
  Parameters: {"commit"=>"Create Product", "authenticity_token"=>"fEUOInouQLmzhdhqQQwvts2qHW/6kMiIcEe7knigM94=", "utf8"=>"✓", "product"=>{"price"=>"24", "image_url"=>"fjdafd.jpg", "title"=>"344", "amount"=>"234", "descripcion"=>"34", "id"=>"", "projection"=>"324"}}
WARNING: Can't mass-assign protected attributes: id
  [1m[35mSQL (0.1ms)[0m  BEGIN
  [1m[36mProduct Load (0.3ms)[0m  [1mSELECT `products`.`id` FROM `products` WHERE (`products`.`title` = BINARY '344') LIMIT 1[0m
  [1m[35mSQL (0.1ms)[0m  ROLLBACK
Rendered products/_form.html.erb (15.0ms)
Rendered products/new.html.erb within layouts/application (23.4ms)
Completed 200 OK in 76ms (Views: 34.4ms | ActiveRecord: 0.6ms)


Started POST "/products" for 127.0.0.1 at Thu Mar 03 14:21:34 -0600 2011
  Processing by ProductsController#create as HTML
  Parameters: {"commit"=>"Create Product", "authenticity_token"=>"fEUOInouQLmzhdhqQQwvts2qHW/6kMiIcEe7knigM94=", "utf8"=>"✓", "product"=>{"price"=>"24", "image_url"=>"fjdafd", "title"=>"67", "amount"=>"234", "descripcion"=>"34", "id"=>"", "projection"=>"324"}}
WARNING: Can't mass-assign protected attributes: id
  [1m[36mSQL (0.1ms)[0m  [1mBEGIN[0m
  [1m[35mProduct Load (0.3ms)[0m  SELECT `products`.`id` FROM `products` WHERE (`products`.`title` = BINARY '67') LIMIT 1
  [1m[36mSQL (0.1ms)[0m  [1mROLLBACK[0m
Rendered products/_form.html.erb (14.4ms)
Rendered products/new.html.erb within layouts/application (21.1ms)
Completed 200 OK in 64ms (Views: 32.5ms | ActiveRecord: 0.5ms)


Started POST "/products" for 127.0.0.1 at Thu Mar 03 14:21:41 -0600 2011
  Processing by ProductsController#create as HTML
  Parameters: {"commit"=>"Create Product", "authenticity_token"=>"fEUOInouQLmzhdhqQQwvts2qHW/6kMiIcEe7knigM94=", "utf8"=>"✓", "product"=>{"price"=>"24", "image_url"=>"fjdafd.exe", "title"=>"67", "amount"=>"234", "descripcion"=>"34", "id"=>"", "projection"=>"324"}}
WARNING: Can't mass-assign protected attributes: id
  [1m[35mSQL (0.1ms)[0m  BEGIN
  [1m[36mProduct Load (0.3ms)[0m  [1mSELECT `products`.`id` FROM `products` WHERE (`products`.`title` = BINARY '67') LIMIT 1[0m
  [1m[35mSQL (0.1ms)[0m  ROLLBACK
Rendered products/_form.html.erb (19.1ms)
Rendered products/new.html.erb within layouts/application (26.7ms)
Completed 200 OK in 69ms (Views: 34.8ms | ActiveRecord: 0.5ms)


Started POST "/products" for 127.0.0.1 at Thu Mar 03 14:21:47 -0600 2011
  Processing by ProductsController#create as HTML
  Parameters: {"commit"=>"Create Product", "authenticity_token"=>"fEUOInouQLmzhdhqQQwvts2qHW/6kMiIcEe7knigM94=", "utf8"=>"✓", "product"=>{"price"=>"24", "image_url"=>"fjdafd.png", "title"=>"67", "amount"=>"234", "descripcion"=>"34", "id"=>"", "projection"=>"324"}}
WARNING: Can't mass-assign protected attributes: id
  [1m[36mSQL (0.1ms)[0m  [1mBEGIN[0m
  [1m[35mProduct Load (0.3ms)[0m  SELECT `products`.`id` FROM `products` WHERE (`products`.`title` = BINARY '67') LIMIT 1
  [1m[36mSQL (2.0ms)[0m  [1mdescribe `products`[0m
  [1m[35mAREL (0.3ms)[0m  INSERT INTO `products` (`title`, `created_at`, `projection`, `amount`, `updated_at`, `price`, `descripcion`, `image_url`) VALUES ('67', '2011-03-03 20:21:47', 324, 234, '2011-03-03 20:21:47', 24, '34', 'fjdafd.png')
  [1m[36mSQL (46.9ms)[0m  [1mCOMMIT[0m
Redirected to http://0.0.0.0:3000/products/6
Completed 302 Found in 92ms


Started GET "/products/6" for 127.0.0.1 at Thu Mar 03 14:21:47 -0600 2011
  Processing by ProductsController#show as HTML
  Parameters: {"id"=>"6"}
  [1m[35mProduct Load (0.5ms)[0m  SELECT `products`.* FROM `products` WHERE (`products`.`id` = 6) LIMIT 1
Rendered products/show.html.erb within layouts/application (17.4ms)
Completed 200 OK in 45ms (Views: 25.5ms | ActiveRecord: 0.5ms)


Started GET "/products" for 127.0.0.1 at Thu Mar 03 14:22:10 -0600 2011
  Processing by ProductsController#index as HTML
  [1m[36mProduct Load (0.5ms)[0m  [1mSELECT `products`.* FROM `products`[0m
Rendered products/index.html.erb within layouts/application (32.5ms)
Completed 200 OK in 64ms (Views: 41.8ms | ActiveRecord: 0.5ms)


Started GET "/products/new" for 127.0.0.1 at Thu Mar 03 14:22:32 -0600 2011
  Processing by ProductsController#new as HTML
Rendered products/_form.html.erb (55.5ms)
Rendered products/new.html.erb within layouts/application (72.6ms)
Completed 200 OK in 104ms (Views: 85.9ms | ActiveRecord: 0.0ms)


Started POST "/products" for 127.0.0.1 at Thu Mar 03 14:22:50 -0600 2011
  Processing by ProductsController#create as HTML
  Parameters: {"commit"=>"Create Product", "authenticity_token"=>"fEUOInouQLmzhdhqQQwvts2qHW/6kMiIcEe7knigM94=", "utf8"=>"✓", "product"=>{"price"=>"23", "image_url"=>"4114.jp", "title"=>"34", "amount"=>"134", "descripcion"=>"114", "id"=>"234", "projection"=>"431"}}
WARNING: Can't mass-assign protected attributes: id
  [1m[35mSQL (0.1ms)[0m  BEGIN
  [1m[36mProduct Load (0.4ms)[0m  [1mSELECT `products`.`id` FROM `products` WHERE (`products`.`title` = BINARY '34') LIMIT 1[0m
  [1m[35mSQL (1.5ms)[0m  describe `products`
  [1m[36mAREL (0.3ms)[0m  [1mINSERT INTO `products` (`projection`, `image_url`, `price`, `amount`, `updated_at`, `descripcion`, `title`, `created_at`) VALUES (431, '4114.jp', 23, 134, '2011-03-03 20:22:50', '114', '34', '2011-03-03 20:22:50')[0m
  [1m[35mSQL (50.3ms)[0m  COMMIT
Redirected to http://0.0.0.0:3000/products/7
Completed 302 Found in 104ms


Started GET "/products/7" for 127.0.0.1 at Thu Mar 03 14:22:50 -0600 2011
  Processing by ProductsController#show as HTML
  Parameters: {"id"=>"7"}
  [1m[36mProduct Load (0.3ms)[0m  [1mSELECT `products`.* FROM `products` WHERE (`products`.`id` = 7) LIMIT 1[0m
Rendered products/show.html.erb within layouts/application (20.5ms)
Completed 200 OK in 47ms (Views: 29.5ms | ActiveRecord: 0.3ms)


Started GET "/products" for 127.0.0.1 at Thu Mar 03 14:22:55 -0600 2011
  Processing by ProductsController#index as HTML
  [1m[35mProduct Load (0.5ms)[0m  SELECT `products`.* FROM `products`
Rendered products/index.html.erb within layouts/application (34.1ms)
Completed 200 OK in 59ms (Views: 42.4ms | ActiveRecord: 0.5ms)


Started GET "/products/new" for 127.0.0.1 at Thu Mar 03 14:22:58 -0600 2011
  Processing by ProductsController#new as HTML
Rendered products/_form.html.erb (23.9ms)
Rendered products/new.html.erb within layouts/application (31.8ms)
Completed 200 OK in 60ms (Views: 41.1ms | ActiveRecord: 0.0ms)


Started POST "/products" for 127.0.0.1 at Thu Mar 03 14:23:43 -0600 2011
  Processing by ProductsController#create as HTML
  Parameters: {"commit"=>"Create Product", "authenticity_token"=>"fEUOInouQLmzhdhqQQwvts2qHW/6kMiIcEe7knigM94=", "utf8"=>"✓", "product"=>{"price"=>"14", "image_url"=>"143", "title"=>"141", "amount"=>"0", "descripcion"=>"341", "id"=>"434", "projection"=>"0"}}
WARNING: Can't mass-assign protected attributes: id
  [1m[36mSQL (0.1ms)[0m  [1mBEGIN[0m
  [1m[35mProduct Load (0.7ms)[0m  SELECT `products`.`id` FROM `products` WHERE (`products`.`title` = BINARY '141') LIMIT 1
  [1m[36mSQL (0.1ms)[0m  [1mROLLBACK[0m
Rendered products/_form.html.erb (19.2ms)
Rendered products/new.html.erb within layouts/application (26.6ms)
Completed 200 OK in 75ms (Views: 34.7ms | ActiveRecord: 0.9ms)


Started POST "/products" for 127.0.0.1 at Thu Mar 03 14:23:58 -0600 2011
  Processing by ProductsController#create as HTML
  Parameters: {"commit"=>"Create Product", "authenticity_token"=>"fEUOInouQLmzhdhqQQwvts2qHW/6kMiIcEe7knigM94=", "utf8"=>"✓", "product"=>{"price"=>"14", "image_url"=>"143.ja", "title"=>"141", "amount"=>"0", "descripcion"=>"341", "id"=>"", "projection"=>"0"}}
WARNING: Can't mass-assign protected attributes: id
  [1m[35mSQL (0.1ms)[0m  BEGIN
  [1m[36mProduct Load (0.3ms)[0m  [1mSELECT `products`.`id` FROM `products` WHERE (`products`.`title` = BINARY '141') LIMIT 1[0m
  [1m[35mSQL (0.2ms)[0m  ROLLBACK
Rendered products/_form.html.erb (22.1ms)
Rendered products/new.html.erb within layouts/application (29.6ms)
Completed 200 OK in 77ms (Views: 39.0ms | ActiveRecord: 0.6ms)


Started POST "/products" for 127.0.0.1 at Thu Mar 03 14:24:06 -0600 2011
  Processing by ProductsController#create as HTML
  Parameters: {"commit"=>"Create Product", "authenticity_token"=>"fEUOInouQLmzhdhqQQwvts2qHW/6kMiIcEe7knigM94=", "utf8"=>"✓", "product"=>{"price"=>"14", "image_url"=>"143.ja", "title"=>"141", "amount"=>"0", "descripcion"=>"341", "id"=>"", "projection"=>"1"}}
WARNING: Can't mass-assign protected attributes: id
  [1m[36mSQL (0.1ms)[0m  [1mBEGIN[0m
  [1m[35mProduct Load (0.4ms)[0m  SELECT `products`.`id` FROM `products` WHERE (`products`.`title` = BINARY '141') LIMIT 1
  [1m[36mSQL (0.1ms)[0m  [1mROLLBACK[0m
Rendered products/_form.html.erb (18.3ms)
Rendered products/new.html.erb within layouts/application (25.2ms)
Completed 200 OK in 69ms (Views: 33.8ms | ActiveRecord: 0.7ms)


Started POST "/products" for 127.0.0.1 at Thu Mar 03 14:24:13 -0600 2011
  Processing by ProductsController#create as HTML
  Parameters: {"commit"=>"Create Product", "authenticity_token"=>"fEUOInouQLmzhdhqQQwvts2qHW/6kMiIcEe7knigM94=", "utf8"=>"✓", "product"=>{"price"=>"14", "image_url"=>"143.jp", "title"=>"141", "amount"=>"0", "descripcion"=>"341", "id"=>"", "projection"=>"1"}}
WARNING: Can't mass-assign protected attributes: id
  [1m[35mSQL (0.1ms)[0m  BEGIN
  [1m[36mProduct Load (0.3ms)[0m  [1mSELECT `products`.`id` FROM `products` WHERE (`products`.`title` = BINARY '141') LIMIT 1[0m
  [1m[35mSQL (0.1ms)[0m  ROLLBACK
Rendered products/_form.html.erb (21.2ms)
Rendered products/new.html.erb within layouts/application (28.4ms)
Completed 200 OK in 173ms (Views: 36.8ms | ActiveRecord: 0.6ms)


Started POST "/products" for 127.0.0.1 at Thu Mar 03 14:24:18 -0600 2011
  Processing by ProductsController#create as HTML
  Parameters: {"commit"=>"Create Product", "authenticity_token"=>"fEUOInouQLmzhdhqQQwvts2qHW/6kMiIcEe7knigM94=", "utf8"=>"✓", "product"=>{"price"=>"14", "image_url"=>"143.jpg", "title"=>"141", "amount"=>"0", "descripcion"=>"341", "id"=>"", "projection"=>"1"}}
WARNING: Can't mass-assign protected attributes: id
  [1m[36mSQL (0.1ms)[0m  [1mBEGIN[0m
  [1m[35mProduct Load (0.3ms)[0m  SELECT `products`.`id` FROM `products` WHERE (`products`.`title` = BINARY '141') LIMIT 1
  [1m[36mSQL (1.9ms)[0m  [1mdescribe `products`[0m
  [1m[35mAREL (0.3ms)[0m  INSERT INTO `products` (`created_at`, `descripcion`, `updated_at`, `amount`, `projection`, `image_url`, `price`, `title`) VALUES ('2011-03-03 20:24:18', '341', '2011-03-03 20:24:18', 0, 1, '143.jpg', 14, '141')
  [1m[36mSQL (59.1ms)[0m  [1mCOMMIT[0m
Redirected to http://0.0.0.0:3000/products/8
Completed 302 Found in 105ms


Started GET "/products/8" for 127.0.0.1 at Thu Mar 03 14:24:18 -0600 2011
  Processing by ProductsController#show as HTML
  Parameters: {"id"=>"8"}
  [1m[35mProduct Load (0.3ms)[0m  SELECT `products`.* FROM `products` WHERE (`products`.`id` = 8) LIMIT 1
Rendered products/show.html.erb within layouts/application (16.1ms)
Completed 200 OK in 43ms (Views: 27.0ms | ActiveRecord: 0.3ms)


Started GET "/lab4/" for 127.0.0.1 at Thu Mar 03 15:10:10 -0600 2011

ActionController::RoutingError (No route matches "/lab4"):
  

Rendered /usr/lib/ruby/gems/1.8/gems/actionpack-3.0.3/lib/action_dispatch/middleware/templates/rescues/routing_error.erb within rescues/layout (3.0ms)


Started GET "/lab5/" for 127.0.0.1 at Thu Mar 03 15:10:15 -0600 2011

ActionController::RoutingError (No route matches "/lab5"):
  

Rendered /usr/lib/ruby/gems/1.8/gems/actionpack-3.0.3/lib/action_dispatch/middleware/templates/rescues/routing_error.erb within rescues/layout (2.2ms)


Started GET "/lab5/products/" for 127.0.0.1 at Thu Mar 03 15:10:31 -0600 2011

ActionController::RoutingError (No route matches "/lab5/products"):
  

Rendered /usr/lib/ruby/gems/1.8/gems/actionpack-3.0.3/lib/action_dispatch/middleware/templates/rescues/routing_error.erb within rescues/layout (1.5ms)


Started GET "/products/" for 127.0.0.1 at Thu Mar 03 15:11:06 -0600 2011
  Processing by ProductsController#index as HTML
  [1m[36mSQL (0.7ms)[0m  [1mSHOW TABLES[0m
  [1m[35mSQL (0.4ms)[0m  SHOW TABLES
  [1m[36mSQL (0.3ms)[0m  [1mSHOW TABLES[0m
Completed   in 16ms
  [1m[35mSQL (0.5ms)[0m  SHOW TABLES

NoMethodError (undefined method `belongs_to_many' for #<Class:0xb67e1894>):
  app/models/product.rb:3
  app/controllers/products_controller.rb:5:in `index'

  [1m[36mSQL (0.5ms)[0m  [1mSHOW TABLES[0m
Rendered /usr/lib/ruby/gems/1.8/gems/actionpack-3.0.3/lib/action_dispatch/middleware/templates/rescues/_trace.erb (2.1ms)
Rendered /usr/lib/ruby/gems/1.8/gems/actionpack-3.0.3/lib/action_dispatch/middleware/templates/rescues/_request_and_response.erb (10.8ms)
Rendered /usr/lib/ruby/gems/1.8/gems/actionpack-3.0.3/lib/action_dispatch/middleware/templates/rescues/diagnostics.erb within rescues/layout (21.4ms)


Started GET "/products/" for 127.0.0.1 at Thu Mar 03 15:12:47 -0600 2011
  Processing by ProductsController#index as HTML
  [1m[35mProduct Load (0.5ms)[0m  SELECT `products`.* FROM `products`
Rendered products/index.html.erb within layouts/application (40.3ms)
Completed 200 OK in 167ms (Views: 49.5ms | ActiveRecord: 0.5ms)


Started GET "/products/new" for 127.0.0.1 at Thu Mar 03 15:12:51 -0600 2011
  Processing by ProductsController#new as HTML
Rendered products/_form.html.erb (29.5ms)
Rendered products/new.html.erb within layouts/application (38.6ms)
Completed 200 OK in 169ms (Views: 149.7ms | ActiveRecord: 0.0ms)


Started POST "/products" for 127.0.0.1 at Thu Mar 03 15:13:03 -0600 2011
  Processing by ProductsController#create as HTML
  Parameters: {"commit"=>"Create Product", "authenticity_token"=>"fEUOInouQLmzhdhqQQwvts2qHW/6kMiIcEe7knigM94=", "utf8"=>"✓", "product"=>{"price"=>"43", "image_url"=>"fsg", "title"=>"gfdsg", "amount"=>"35", "descripcion"=>"sgs", "id"=>"635", "projection"=>"3"}}
WARNING: Can't mass-assign protected attributes: id
  [1m[36mSQL (0.1ms)[0m  [1mBEGIN[0m
  [1m[35mSQL (0.5ms)[0m  SHOW TABLES
  [1m[36mProduct Load (0.4ms)[0m  [1mSELECT `products`.`id` FROM `products` WHERE (`products`.`title` = BINARY 'gfdsg') LIMIT 1[0m
  [1m[35mSQL (0.1ms)[0m  ROLLBACK
Rendered products/_form.html.erb (14.2ms)
Rendered products/new.html.erb within layouts/application (21.1ms)
Completed 200 OK in 85ms (Views: 30.1ms | ActiveRecord: 1.2ms)


Started POST "/products" for 127.0.0.1 at Thu Mar 03 15:13:08 -0600 2011
  Processing by ProductsController#create as HTML
  Parameters: {"commit"=>"Create Product", "authenticity_token"=>"fEUOInouQLmzhdhqQQwvts2qHW/6kMiIcEe7knigM94=", "utf8"=>"✓", "product"=>{"price"=>"43", "image_url"=>"fsg.com", "title"=>"gfdsg", "amount"=>"35", "descripcion"=>"sgs", "id"=>"", "projection"=>"3"}}
WARNING: Can't mass-assign protected attributes: id
  [1m[36mSQL (0.2ms)[0m  [1mBEGIN[0m
  [1m[35mProduct Load (0.3ms)[0m  SELECT `products`.`id` FROM `products` WHERE (`products`.`title` = BINARY 'gfdsg') LIMIT 1
  [1m[36mSQL (0.9ms)[0m  [1mROLLBACK[0m
Rendered products/_form.html.erb (15.4ms)
Rendered products/new.html.erb within layouts/application (22.8ms)
Completed 200 OK in 174ms (Views: 35.0ms | ActiveRecord: 1.4ms)


Started POST "/products" for 127.0.0.1 at Thu Mar 03 15:13:13 -0600 2011
  Processing by ProductsController#create as HTML
  Parameters: {"commit"=>"Create Product", "authenticity_token"=>"fEUOInouQLmzhdhqQQwvts2qHW/6kMiIcEe7knigM94=", "utf8"=>"✓", "product"=>{"price"=>"43", "image_url"=>"fsg.jpg", "title"=>"gfdsg", "amount"=>"35", "descripcion"=>"sgs", "id"=>"", "projection"=>"3"}}
WARNING: Can't mass-assign protected attributes: id
  [1m[35mSQL (0.1ms)[0m  BEGIN
  [1m[36mProduct Load (0.3ms)[0m  [1mSELECT `products`.`id` FROM `products` WHERE (`products`.`title` = BINARY 'gfdsg') LIMIT 1[0m
  [1m[35mSQL (3.7ms)[0m  describe `products`
  [1m[36mAREL (0.3ms)[0m  [1mINSERT INTO `products` (`descripcion`, `created_at`, `projection`, `updated_at`, `amount`, `title`, `image_url`, `price`) VALUES ('sgs', '2011-03-03 21:13:13', 3, '2011-03-03 21:13:13', 35, 'gfdsg', 'fsg.jpg', 43)[0m
  [1m[35mSQL (83.1ms)[0m  COMMIT
Redirected to http://0.0.0.0:3000/products/9
Completed 302 Found in 132ms


Started GET "/products/9" for 127.0.0.1 at Thu Mar 03 15:13:13 -0600 2011
  Processing by ProductsController#show as HTML
  Parameters: {"id"=>"9"}
  [1m[36mProduct Load (0.5ms)[0m  [1mSELECT `products`.* FROM `products` WHERE (`products`.`id` = 9) LIMIT 1[0m
Rendered products/show.html.erb within layouts/application (16.5ms)
Completed 200 OK in 49ms (Views: 27.7ms | ActiveRecord: 0.5ms)


Started GET "/products" for 127.0.0.1 at Thu Mar 03 15:13:17 -0600 2011
  Processing by ProductsController#index as HTML
  [1m[35mProduct Load (0.5ms)[0m  SELECT `products`.* FROM `products`
Rendered products/index.html.erb within layouts/application (48.5ms)
Completed 200 OK in 79ms (Views: 59.8ms | ActiveRecord: 0.5ms)


Started GET "/inventory" for 127.0.0.1 at Thu Mar 03 15:13:40 -0600 2011

ActionController::RoutingError (No route matches "/inventory"):
  

Rendered /usr/lib/ruby/gems/1.8/gems/actionpack-3.0.3/lib/action_dispatch/middleware/templates/rescues/routing_error.erb within rescues/layout (1.4ms)


Started GET "/inventorys" for 127.0.0.1 at Thu Mar 03 15:13:45 -0600 2011

ActionController::RoutingError (No route matches "/inventorys"):
  

Rendered /usr/lib/ruby/gems/1.8/gems/actionpack-3.0.3/lib/action_dispatch/middleware/templates/rescues/routing_error.erb within rescues/layout (1.4ms)


Started GET "/inventoris" for 127.0.0.1 at Thu Mar 03 15:13:59 -0600 2011

ActionController::RoutingError (No route matches "/inventoris"):
  

Rendered /usr/lib/ruby/gems/1.8/gems/actionpack-3.0.3/lib/action_dispatch/middleware/templates/rescues/routing_error.erb within rescues/layout (1.4ms)


Started GET "/inventori" for 127.0.0.1 at Thu Mar 03 15:14:02 -0600 2011

ActionController::RoutingError (No route matches "/inventori"):
  

Rendered /usr/lib/ruby/gems/1.8/gems/actionpack-3.0.3/lib/action_dispatch/middleware/templates/rescues/routing_error.erb within rescues/layout (1.3ms)


Started GET "/inventories" for 127.0.0.1 at Thu Mar 03 15:14:18 -0600 2011
  Processing by InventoriesController#index as HTML
  [1m[36mInventory Load (0.4ms)[0m  [1mSELECT `inventories`.* FROM `inventories`[0m
Rendered inventories/index.html.erb within layouts/application (8.8ms)
Completed 200 OK in 134ms (Views: 63.3ms | ActiveRecord: 0.4ms)


Started GET "/inventories/new" for 127.0.0.1 at Thu Mar 03 15:25:57 -0600 2011
  Processing by InventoriesController#new as HTML
Rendered inventories/_form.html.erb (24.3ms)
Rendered inventories/new.html.erb within layouts/application (76.9ms)
Completed 200 OK in 309ms (Views: 293.5ms | ActiveRecord: 0.0ms)


Started POST "/inventories" for 127.0.0.1 at Thu Mar 03 15:26:08 -0600 2011
  Processing by InventoriesController#create as HTML
  Parameters: {"commit"=>"Create Inventory", "authenticity_token"=>"fEUOInouQLmzhdhqQQwvts2qHW/6kMiIcEe7knigM94=", "utf8"=>"✓", "inventory"=>{"previous_balance"=>"42352", "future_balance"=>"2545", "product_id"=>"21212", "id"=>"1", "new_balance"=>"224"}}
WARNING: Can't mass-assign protected attributes: id
  [1m[35mSQL (0.1ms)[0m  BEGIN
  [1m[36mSQL (1.6ms)[0m  [1mdescribe `inventories`[0m
  [1m[35mAREL (0.4ms)[0m  INSERT INTO `inventories` (`updated_at`, `created_at`, `previous_balance`, `future_balance`, `new_balance`, `product_id`) VALUES ('2011-03-03 21:26:09', '2011-03-03 21:26:09', 42352, 2545, 224, 21212)
  [1m[36mSQL (76.3ms)[0m  [1mCOMMIT[0m
Redirected to http://0.0.0.0:3000/inventories/1
Completed 302 Found in 116ms


Started GET "/inventories/1" for 127.0.0.1 at Thu Mar 03 15:26:09 -0600 2011
  Processing by InventoriesController#show as HTML
  Parameters: {"id"=>"1"}
  [1m[35mInventory Load (0.3ms)[0m  SELECT `inventories`.* FROM `inventories` WHERE (`inventories`.`id` = 1) LIMIT 1
Rendered inventories/show.html.erb within layouts/application (13.9ms)
Completed 200 OK in 40ms (Views: 25.2ms | ActiveRecord: 0.3ms)


Started GET "/inventories" for 127.0.0.1 at Thu Mar 03 15:26:12 -0600 2011
  Processing by InventoriesController#index as HTML
  [1m[36mInventory Load (0.4ms)[0m  [1mSELECT `inventories`.* FROM `inventories`[0m
Rendered inventories/index.html.erb within layouts/application (20.2ms)
Completed 200 OK in 49ms (Views: 32.2ms | ActiveRecord: 0.4ms)


Started GET "/inventories/new" for 127.0.0.1 at Thu Mar 03 15:53:52 -0600 2011
  Processing by InventoriesController#new as HTML
Rendered inventories/_form.html.erb (18.4ms)
Rendered inventories/new.html.erb within layouts/application (28.1ms)
Completed 200 OK in 56ms (Views: 37.8ms | ActiveRecord: 0.0ms)


Started POST "/inventories" for 127.0.0.1 at Thu Mar 03 15:54:01 -0600 2011
  Processing by InventoriesController#create as HTML
  Parameters: {"commit"=>"Create Inventory", "authenticity_token"=>"fEUOInouQLmzhdhqQQwvts2qHW/6kMiIcEe7knigM94=", "utf8"=>"✓", "inventory"=>{"previous_balance"=>"afad", "future_balance"=>"fae", "product_id"=>"er", "id"=>"3", "new_balance"=>"ea"}}
WARNING: Can't mass-assign protected attributes: id
  [1m[35mSQL (0.1ms)[0m  BEGIN
  [1m[36mSQL (6.1ms)[0m  [1mdescribe `inventories`[0m
  [1m[35mAREL (0.4ms)[0m  INSERT INTO `inventories` (`created_at`, `updated_at`, `product_id`, `future_balance`, `previous_balance`, `new_balance`) VALUES ('2011-03-03 21:54:01', '2011-03-03 21:54:01', 0, 0, 0, 0)
  [1m[36mSQL (69.8ms)[0m  [1mCOMMIT[0m
Redirected to http://0.0.0.0:3000/inventories/2
Completed 302 Found in 221ms


Started GET "/inventories/2" for 127.0.0.1 at Thu Mar 03 15:54:02 -0600 2011
  Processing by InventoriesController#show as HTML
  Parameters: {"id"=>"2"}
  [1m[35mInventory Load (0.4ms)[0m  SELECT `inventories`.* FROM `inventories` WHERE (`inventories`.`id` = 2) LIMIT 1
Rendered inventories/show.html.erb within layouts/application (16.2ms)
Completed 200 OK in 47ms (Views: 26.1ms | ActiveRecord: 0.4ms)


Started GET "/inventories" for 127.0.0.1 at Thu Mar 03 15:54:06 -0600 2011
  Processing by InventoriesController#index as HTML
  [1m[36mInventory Load (0.4ms)[0m  [1mSELECT `inventories`.* FROM `inventories`[0m
Rendered inventories/index.html.erb within layouts/application (21.6ms)
Completed 200 OK in 50ms (Views: 33.2ms | ActiveRecord: 0.4ms)


Started GET "/inventories/new" for 127.0.0.1 at Thu Mar 03 15:54:10 -0600 2011
  Processing by InventoriesController#new as HTML
Rendered inventories/_form.html.erb (138.3ms)
Rendered inventories/new.html.erb within layouts/application (147.1ms)
Completed 200 OK in 174ms (Views: 155.4ms | ActiveRecord: 0.0ms)


Started POST "/inventories" for 127.0.0.1 at Thu Mar 03 15:54:18 -0600 2011
  Processing by InventoriesController#create as HTML
  Parameters: {"commit"=>"Create Inventory", "authenticity_token"=>"fEUOInouQLmzhdhqQQwvts2qHW/6kMiIcEe7knigM94=", "utf8"=>"✓", "inventory"=>{"previous_balance"=>"232", "future_balance"=>"123", "product_id"=>"1", "id"=>"", "new_balance"=>"1231"}}
WARNING: Can't mass-assign protected attributes: id
  [1m[35mSQL (0.1ms)[0m  BEGIN
  [1m[36mSQL (0.9ms)[0m  [1mdescribe `inventories`[0m
  [1m[35mAREL (0.3ms)[0m  INSERT INTO `inventories` (`future_balance`, `product_id`, `updated_at`, `created_at`, `new_balance`, `previous_balance`) VALUES (123, 1, '2011-03-03 21:54:18', '2011-03-03 21:54:18', 1231, 232)
  [1m[36mSQL (71.7ms)[0m  [1mCOMMIT[0m
Redirected to http://0.0.0.0:3000/inventories/3
Completed 302 Found in 115ms


Started GET "/inventories/3" for 127.0.0.1 at Thu Mar 03 15:54:18 -0600 2011
  Processing by InventoriesController#show as HTML
  Parameters: {"id"=>"3"}
  [1m[35mInventory Load (0.4ms)[0m  SELECT `inventories`.* FROM `inventories` WHERE (`inventories`.`id` = 3) LIMIT 1
Rendered inventories/show.html.erb within layouts/application (14.6ms)
Completed 200 OK in 44ms (Views: 25.4ms | ActiveRecord: 76.8ms)
